<?xml version="1.0" encoding="UTF-8" ?>
<testsuite errors="35" failures="0" hostname="Cynthias-MacBook-Air.local" name="ui.AppUITest" skipped="0" tests="35" time="0.548" timestamp="2018-05-05T18:53:39">
  <properties>
[...]
</properties>
  <testcase classname="ui.AppUITest" name="testScrnshotButtonSetter" time="0.011">
    <error type="java.lang.NullPointerException">java.lang.NullPointerException
	at ui.AppUITest.testScrnshotButtonSetter(AppUITest.java:326)
</error>
  </testcase>
  <testcase classname="ui.AppUITest" name="testAlgorithmRemove" time="0.003">
    <error type="java.lang.NullPointerException">java.lang.NullPointerException
	at ui.AppUITest.testAlgorithmRemove(AppUITest.java:405)
</error>
  </testcase>
  <testcase classname="ui.AppUITest" name="testReadOnlyClicker" time="0.002">
    <error type="java.lang.NullPointerException">java.lang.NullPointerException
	at ui.AppUITest.testReadOnlyClicker(AppUITest.java:363)
</error>
  </testcase>
  <testcase classname="ui.AppUITest" name="testGetChart" time="0.003">
    <error type="java.lang.NullPointerException">java.lang.NullPointerException
	at ui.AppUITest.testGetChart(AppUITest.java:43)
</error>
  </testcase>
  <testcase classname="ui.AppUITest" name="testSetToolbarHandlers" time="0.002">
    <error type="java.lang.NullPointerException">java.lang.NullPointerException
	at ui.AppUITest.testSetToolbarHandlers(AppUITest.java:83)
</error>
  </testcase>
  <testcase classname="ui.AppUITest" name="testGetSettings" time="0.003">
    <error type="java.lang.NullPointerException">java.lang.NullPointerException
	at ui.AppUITest.testGetSettings(AppUITest.java:392)
</error>
  </testcase>
  <testcase classname="ui.AppUITest" name="testSetDoneRunning" time="0.001">
    <error type="java.lang.NullPointerException">java.lang.NullPointerException
	at ui.AppUITest.testSetDoneRunning(AppUITest.java:459)
</error>
  </testcase>
  <testcase classname="ui.AppUITest" name="testDataChanged" time="0.002">
    <error type="java.lang.NullPointerException">java.lang.NullPointerException
	at ui.AppUITest.testDataChanged(AppUITest.java:446)
</error>
  </testcase>
  <testcase classname="ui.AppUITest" name="testTextBoxSetter" time="0.003">
    <error type="java.lang.NullPointerException">java.lang.NullPointerException
	at ui.AppUITest.testTextBoxSetter(AppUITest.java:194)
</error>
  </testcase>
  <testcase classname="ui.AppUITest" name="testClear" time="0.002">
    <error type="java.lang.NullPointerException">java.lang.NullPointerException
	at ui.AppUITest.testClear(AppUITest.java:107)
</error>
  </testcase>
  <testcase classname="ui.AppUITest" name="testNewOn" time="0.002">
    <error type="java.lang.NullPointerException">java.lang.NullPointerException
	at ui.AppUITest.testNewOn(AppUITest.java:143)
</error>
  </testcase>
  <testcase classname="ui.AppUITest" name="testHasNewText" time="0.001">
    <error type="java.lang.NullPointerException">java.lang.NullPointerException
	at ui.AppUITest.testHasNewText(AppUITest.java:431)
</error>
  </testcase>
  <testcase classname="ui.AppUITest" name="testDisplayButtonRemover" time="0.001">
    <error type="java.lang.NullPointerException">java.lang.NullPointerException
	at ui.AppUITest.testDisplayButtonRemover(AppUITest.java:290)
</error>
  </testcase>
  <testcase classname="ui.AppUITest" name="testTextBoxRemover" time="0.001">
    <error type="java.lang.NullPointerException">java.lang.NullPointerException
	at ui.AppUITest.testTextBoxRemover(AppUITest.java:206)
</error>
  </testcase>
  <testcase classname="ui.AppUITest" name="testBackButtonDisable" time="0.002">
    <error type="java.lang.NullPointerException">java.lang.NullPointerException
	at ui.AppUITest.testBackButtonDisable(AppUITest.java:242)
</error>
  </testcase>
  <testcase classname="ui.AppUITest" name="testRunButtonSetter" time="0.005">
    <error type="java.lang.NullPointerException">java.lang.NullPointerException
	at ui.AppUITest.testRunButtonSetter(AppUITest.java:302)
</error>
  </testcase>
  <testcase classname="ui.AppUITest" name="testReadOnlyButtonRemover" time="0.001">
    <error type="java.lang.NullPointerException">java.lang.NullPointerException
	at ui.AppUITest.testReadOnlyButtonRemover(AppUITest.java:230)
</error>
  </testcase>
  <testcase classname="ui.AppUITest" name="testDisplayButtonSetter" time="0.001">
    <error type="java.lang.NullPointerException">java.lang.NullPointerException
	at ui.AppUITest.testDisplayButtonSetter(AppUITest.java:278)
</error>
  </testcase>
  <testcase classname="ui.AppUITest" name="testInitialize" time="0.001">
    <error type="java.lang.NullPointerException">java.lang.NullPointerException
	at ui.AppUITest.testInitialize(AppUITest.java:95)
</error>
  </testcase>
  <testcase classname="ui.AppUITest" name="testAlgorithmTypeButtonSetter" time="0.005">
    <error type="java.lang.NullPointerException">java.lang.NullPointerException
	at ui.AppUITest.testAlgorithmTypeButtonSetter(AppUITest.java:266)
</error>
  </testcase>
  <testcase classname="ui.AppUITest" name="testMetaDataBoxSetter" time="0.001">
    <error type="java.lang.NullPointerException">java.lang.NullPointerException
	at ui.AppUITest.testMetaDataBoxSetter(AppUITest.java:350)
</error>
  </testcase>
  <testcase classname="ui.AppUITest" name="testRunButtonRemover" time="0.002">
    <error type="java.lang.NullPointerException">java.lang.NullPointerException
	at ui.AppUITest.testRunButtonRemover(AppUITest.java:314)
</error>
  </testcase>
  <testcase classname="ui.AppUITest" name="testSetTextArea" time="0.002">
    <error type="java.lang.NullPointerException">java.lang.NullPointerException
	at ui.AppUITest.testSetTextArea(AppUITest.java:182)
</error>
  </testcase>
  <testcase classname="ui.AppUITest" name="testGetDoneRunning" time="0.002">
    <error type="java.lang.NullPointerException">java.lang.NullPointerException
	at ui.AppUITest.testGetDoneRunning(AppUITest.java:472)
</error>
  </testcase>
  <testcase classname="ui.AppUITest" name="testGetTextArea" time="0.004">
    <error type="java.lang.NullPointerException">java.lang.NullPointerException
	at ui.AppUITest.testGetTextArea(AppUITest.java:168)
</error>
  </testcase>
  <testcase classname="ui.AppUITest" name="testSaveClear" time="0.009">
    <error type="java.lang.NullPointerException">java.lang.NullPointerException
	at ui.AppUITest.testSaveClear(AppUITest.java:131)
</error>
  </testcase>
  <testcase classname="ui.AppUITest" name="testSetMetaData" time="0.001">
    <error type="java.lang.NullPointerException">java.lang.NullPointerException
	at ui.AppUITest.testSetMetaData(AppUITest.java:378)
</error>
  </testcase>
  <testcase classname="ui.AppUITest" name="testScrnshotButtonRemover" time="0.026">
    <error type="java.lang.NullPointerException">java.lang.NullPointerException
	at ui.AppUITest.testScrnshotButtonRemover(AppUITest.java:338)
</error>
  </testcase>
  <testcase classname="ui.AppUITest" name="testSetToolBar" time="0.001">
    <error type="java.lang.NullPointerException">java.lang.NullPointerException
	at ui.AppUITest.testSetToolBar(AppUITest.java:70)
</error>
  </testcase>
  <testcase classname="ui.AppUITest" name="testSetResourcePaths" time="0.002">
    <error type="java.lang.NullPointerException">java.lang.NullPointerException
	at ui.AppUITest.testSetResourcePaths(AppUITest.java:57)
</error>
  </testcase>
  <testcase classname="ui.AppUITest" name="testNewText" time="0.005">
    <error type="java.lang.NullPointerException">java.lang.NullPointerException
	at ui.AppUITest.testNewText(AppUITest.java:418)
</error>
  </testcase>
  <testcase classname="ui.AppUITest" name="testBackButtonEnable" time="0.002">
    <error type="java.lang.NullPointerException">java.lang.NullPointerException
	at ui.AppUITest.testBackButtonEnable(AppUITest.java:254)
</error>
  </testcase>
  <testcase classname="ui.AppUITest" name="testSaveOn" time="0.002">
    <error type="java.lang.NullPointerException">java.lang.NullPointerException
	at ui.AppUITest.testSaveOn(AppUITest.java:155)
</error>
  </testcase>
  <testcase classname="ui.AppUITest" name="testReadOnlyButtonSetter" time="0.002">
    <error type="java.lang.NullPointerException">java.lang.NullPointerException
	at ui.AppUITest.testReadOnlyButtonSetter(AppUITest.java:218)
</error>
  </testcase>
  <testcase classname="ui.AppUITest" name="testNewClear" time="0.001">
    <error type="java.lang.NullPointerException">java.lang.NullPointerException
	at ui.AppUITest.testNewClear(AppUITest.java:119)
</error>
  </testcase>
  <system-out><![CDATA[scrnshotButtonSetter
algorithmRemove
readOnlyClicker
getChart
setToolbarHandlers
getSettings
setDoneRunning
dataChanged
textBoxSetter
clear
newOn
hasNewText
displayButtonRemover
textBoxRemover
backButtonDisable
runButtonSetter
readOnlyButtonRemover
displayButtonSetter
initialize
algorithmTypeButtonSetter
metaDataBoxSetter
runButtonRemover
setTextArea
getDoneRunning
getTextArea
saveClear
setMetaData
scrnshotButtonRemover
setToolBar
setResourcePaths
newText
backButtonEnable
saveOn
readOnlyButtonSetter
newClear
]]></system-out>
  <system-err><![CDATA[]]></system-err>
</testsuite>
